#
# A fatal error has been detected by the Java Runtime Environment:
#
#  EXCEPTION_ACCESS_VIOLATION (0xc0000005) at pc=0x00007ff86bcede67, pid=10120, tid=15828
#
# JRE version:  (16.0.1+9) (build )
# Java VM: Java HotSpot(TM) 64-Bit Server VM (16.0.1+9-24, mixed mode, sharing, tiered, compressed oops, compressed class ptrs, g1 gc, windows-amd64)
# Problematic frame:
# V  [jvm.dll+0x37de67]
#
# No core dump will be written. Minidumps are not enabled by default on client versions of Windows
#
#

---------------  S U M M A R Y ------------

Command Line: -XX:+ShowCodeDetailsInExceptionMessages -agentlib:jdwp=transport=dt_socket,suspend=y,address=localhost:54325 -javaagent:C:\Users\Admin\Downloads\eclipse\configuration\org.eclipse.osgi\222\0\.cp\lib\javaagent-shaded.jar -Dfile.encoding=UTF-8 javasample.com.DBDemo

Host: Intel(R) Core(TM) i5-4200U CPU @ 1.60GHz, 4 cores, 3G,  Windows 10 , 64 bit Build 19041 (10.0.19041.1202)
Time: Thu Oct  7 21:05:17 2021 India Standard Time elapsed time: 4.681341 seconds (0d 0h 0m 4s)

---------------  T H R E A D  ---------------

Current thread (0x000001d06f1f8970):  JavaThread "Unknown thread" [_thread_in_vm, id=15828, stack(0x0000009c41200000,0x0000009c41300000)]

Stack: [0x0000009c41200000,0x0000009c41300000],  sp=0x0000009c412ff090,  free space=1020k
Native frames: (J=compiled Java code, j=interpreted, Vv=VM code, C=native code)
V  [jvm.dll+0x37de67]
V  [jvm.dll+0x6686f2]
V  [jvm.dll+0x37db2e]
V  [jvm.dll+0x36355f]
V  [jvm.dll+0x366c6e]
V  [jvm.dll+0x366848]
V  [jvm.dll+0x77c604]
V  [jvm.dll+0x77ab0d]
V  [jvm.dll+0x3e55af]
